app/build/outputs/mapping/release/seeds.txt
fm.corus.android.data.model.SpotifySearchResponse$Companion
fm.corus.android.ui.navigation.FollowListRoute
fm.corus.android.data.model.SpotifyTrackList
fm.corus.android.ui.screens.settings.MutedUsersViewModel
fm.corus.android.data.remote.TMDBVideos
fm.corus.android.ui.navigation.ThreadListRoute
fm.corus.android.ui.screens.compose.ComposeViewModel
fm.corus.android.MainActivity_GeneratedInjector
fm.corus.android.ui.screens.explore.ExploreViewModel
fm.corus.android.ui.screens.findpeople.BotListViewModel
fm.corus.android.data.remote.TMDBCredits$$serializer
fm.corus.android.data.remote.TMDBVideos$Companion
fm.corus.android.data.model.SpotifyExternalUrls$Companion
fm.corus.android.ui.navigation.MessageThreadRoute$$serializer
fm.corus.android.data.model.SpotifyArtist$Companion
fm.corus.android.ui.screens.findpeople.FindPeopleViewModel
fm.corus.android.ui.navigation.HashtagFeedRoute$Companion
fm.corus.android.data.remote.TMDBCrewMember
fm.corus.android.ui.navigation.SinglePostCommentsRoute$Companion
fm.corus.android.data.model.SpotifyExternalUrls$$serializer
fm.corus.android.ui.navigation.LikesRoute$Companion
fm.corus.android.data.model.SpotifyAlbum
fm.corus.android.ui.navigation.BotListRoute$$serializer
fm.corus.android.ui.navigation.CommentsRoute$Companion
fm.corus.android.ui.navigation.MutedUsersRoute
fm.corus.android.ui.screens.auth.SocialSetupViewModel
fm.corus.android.data.model.SpotifyTrackList$$serializer
fm.corus.android.ui.navigation.EditCaptionRoute$$serializer
fm.corus.android.ui.navigation.SongDetailRoute$$serializer
fm.corus.android.data.model.SpotifyAlbum$$serializer
fm.corus.android.ui.navigation.OtherProfileRoute$Companion
fm.corus.android.data.model.SpotifyTrack$Companion
fm.corus.android.data.remote.TMDBCredits$Companion
fm.corus.android.ui.navigation.CommentsRoute$$serializer
fm.corus.android.data.remote.TMDBSearchResult
fm.corus.android.ui.navigation.PostDetailRoute$$serializer
fm.corus.android.ui.screens.notifications.NotificationsViewModel
fm.corus.android.ui.navigation.ExploreTabRoute
fm.corus.android.ui.navigation.MainTabViewModel
fm.corus.android.ui.navigation.NotificationsTabRoute
fm.corus.android.ui.screens.settings.ChangeUsernameViewModel
fm.corus.android.data.remote.TMDBVideo
fm.corus.android.ui.navigation.FilmDetailRoute$Companion
fm.corus.android.ui.navigation.OtherProfileRoute
fm.corus.android.ui.screens.profile.OtherProfileViewModel
fm.corus.android.ui.navigation.EditCaptionRoute$Companion
fm.corus.android.data.remote.TMDBSearchResponse
fm.corus.android.ui.navigation.SinglePostCommentsRoute$$serializer
fm.corus.android.data.remote.TMDBMovieDetails$Companion
fm.corus.android.ui.navigation.HashtagFeedRoute
fm.corus.android.data.remote.TMDBCastMember$$serializer
fm.corus.android.data.model.SpotifyArtist
fm.corus.android.ui.navigation.FollowListRoute$$serializer
fm.corus.android.ui.navigation.FeedbackFormRoute
fm.corus.android.ui.navigation.MessageThreadRoute$Companion
fm.corus.android.ui.navigation.SinglePostCommentsRoute
fm.corus.android.ui.navigation.ChangePhoneNumberRoute
fm.corus.android.data.remote.TMDBSearchResult$$serializer
fm.corus.android.ui.navigation.ProfileTabRoute
fm.corus.android.ui.navigation.ChangeUsernameRoute
fm.corus.android.data.remote.TMDBCastMember
fm.corus.android.ui.navigation.FilmDetailRoute
fm.corus.android.data.model.SpotifyExternalUrls
fm.corus.android.ui.navigation.EditProfileRoute$Companion
fm.corus.android.data.remote.TMDBSearchResult$Companion
fm.corus.android.ui.screens.feed.LikesViewModel
fm.corus.android.ui.navigation.ProfileByUsernameRoute
fm.corus.android.ui.screens.settings.FeedbackFormViewModel
fm.corus.android.data.model.SpotifyTrack$$serializer
fm.corus.android.ui.screens.subscription.CymbalClubViewModel
fm.corus.android.ui.screens.settings.BlockedUsersViewModel
fm.corus.android.ui.navigation.PostDetailRoute
fm.corus.android.ui.navigation.CommentsRoute
fm.corus.android.CorusApplication
fm.corus.android.data.model.SpotifyTrackList$Companion
...
com.google.android.gms.internal.measurement.zzfy$zzj$zza: com.google.android.gms.internal.measurement.zzfy$zzj$zza zzb()
com.google.android.gms.tasks.zzad: void onSuccess(java.lang.Object)
com.google.android.gms.internal.firebase-auth-api.zzdv: int zzb()
com.google.android.gms.internal.firebase-auth-api.zzli: zzli(com.google.android.gms.internal.firebase-auth-api.zzzc,com.google.android.gms.internal.firebase-auth-api.zzlk,com.google.android.gms.internal.firebase-auth-api.zzll,com.google.android.gms.internal.firebase-auth-api.zzlh,com.google.android.gms.internal.firebase-auth-api.zzzc)
com.google.android.gms.internal.auth.zzj: zzj()
com.google.android.gms.internal.measurement.zzml$zzc: float zzb(java.lang.Object,long)
io.ktor.client.plugins.HttpPlainTextKt$HttpPlainText$2$1: java.lang.Object invokeSuspend(java.lang.Object)
androidx.core.view.WindowInsetsCompat$Impl: void setStableInsets(androidx.core.graphics.Insets)
com.revenuecat.purchases.paywalls.components.common.Background$Color: Background$Color(com.revenuecat.purchases.paywalls.components.properties.ColorScheme)
com.revenuecat.purchases.ui.revenuecatui.composables.PlaceholderKt$placeholder$4: java.lang.Object invoke(java.lang.Object,java.lang.Object,java.lang.Object)
io.ktor.http.HttpMethod$Companion: io.ktor.http.HttpMethod getGet()
com.google.android.gms.internal.play_billing.zzfg: void zzi(java.lang.StringBuilder,int)
com.google.android.recaptcha.internal.zzhd: zzhd()
com.google.android.gms.internal.firebase-auth-api.zzwg: com.google.android.gms.internal.firebase-auth-api.zzwg zza(com.google.android.gms.internal.firebase-auth-api.zzaip,com.google.android.gms.internal.firebase-auth-api.zzajk)
com.revenuecat.purchases.ui.revenuecatui.templates.Template2Kt$SelectPackageButton$4: Template2Kt$SelectPackageButton$4(androidx.compose.foundation.layout.ColumnScope,com.revenuecat.purchases.ui.revenuecatui.data.PaywallState$Loaded$Legacy,com.revenuecat.purchases.ui.revenuecatui.data.processed.TemplateConfiguration$PackageInfo,com.revenuecat.purchases.ui.revenuecatui.data.PaywallViewModel,androidx.compose.ui.Modifier,int)
com.revenuecat.purchases.CoroutinesExtensionsCommonKt$awaitPurchase$2$2: CoroutinesExtensionsCommonKt$awaitPurchase$2$2(kotlin.coroutines.Continuation)
com.google.android.gms.internal.firebase-auth-api.zzgc: com.google.android.gms.internal.firebase-auth-api.zzdg zzb(com.google.android.gms.internal.firebase-auth-api.zzpf)
androidx.activity.ComponentActivity: void startIntentSenderForResult(android.content.IntentSender,int,android.content.Intent,int,int,int,android.os.Bundle)
com.google.firebase.sessions.FirebaseSessionsRegistrar: FirebaseSessionsRegistrar()
io.ktor.client.plugins.HttpRequestRetryKt: io.ktor.util.AttributeKey access$getModifyRequestPerRequestAttributeKey$p()
com.google.android.gms.internal.location.zzad: void doExecute(com.google.android.gms.common.api.Api$AnyClient)
com.google.android.gms.internal.fido.zzcx: java.lang.String toString()
com.google.android.gms.internal.measurement.zzlg: void zzf(java.lang.Object)
com.google.android.gms.internal.firebase-auth-api.zzvk: zzvk()
com.revenuecat.purchases.ui.revenuecatui.helpers.PaywallResourceProviderKt: java.lang.String applicationName(android.content.Context)
io.ktor.client.plugins.observer.ResponseObserverConfig: kotlin.jvm.functions.Function2 getResponseHandler$ktor_client_core()
com.revenuecat.purchases.ui.revenuecatui.errors.PaywallValidationError$MissingImageLocalization: PaywallValidationError$MissingImageLocalization(java.lang.String)
com.revenuecat.purchases.models.SubscriptionOption$DefaultImpls: boolean isPrepaid(com.revenuecat.purchases.models.SubscriptionOption)
io.ktor.client.plugins.sse.BuildersKt: java.lang.Object serverSentEvents-1wIb-0I(io.ktor.client.HttpClient,java.lang.String,java.lang.String,java.lang.Integer,java.lang.String,kotlin.time.Duration,java.lang.Boolean,java.lang.Boolean,kotlin.jvm.functions.Function1,kotlin.jvm.functions.Function2,kotlin.coroutines.Continuation)