app/build/outputs/mapping/release/usage.txt
fm.corus.android.BuildConfig
fm.corus.android.CorusApplication:
    public static final int $stable
fm.corus.android.CorusApplication_ComponentTreeDeps
fm.corus.android.CorusApplication_HiltComponents$ActivityC$Builder
fm.corus.android.CorusApplication_HiltComponents$ActivityCBuilderModule
fm.corus.android.CorusApplication_HiltComponents$ActivityRetainedC$Builder
fm.corus.android.CorusApplication_HiltComponents$ActivityRetainedCBuilderModule
fm.corus.android.CorusApplication_HiltComponents$FragmentC$Builder
fm.corus.android.CorusApplication_HiltComponents$FragmentC
fm.corus.android.CorusApplication_HiltComponents$FragmentCBuilderModule
fm.corus.android.CorusApplication_HiltComponents$ServiceC$Builder
fm.corus.android.CorusApplication_HiltComponents$ServiceC
fm.corus.android.CorusApplication_HiltComponents$ServiceCBuilderModule
fm.corus.android.CorusApplication_HiltComponents$ViewC$Builder
fm.corus.android.CorusApplication_HiltComponents$ViewC
fm.corus.android.CorusApplication_HiltComponents$ViewCBuilderModule
fm.corus.android.CorusApplication_HiltComponents$ViewModelC$Builder
fm.corus.android.CorusApplication_HiltComponents$ViewModelCBuilderModule
fm.corus.android.CorusApplication_HiltComponents$ViewWithFragmentC$Builder
fm.corus.android.CorusApplication_HiltComponents$ViewWithFragmentC
fm.corus.android.CorusApplication_HiltComponents$ViewWithFragmentCBuilderModule
fm.corus.android.CorusApplication_HiltComponents
fm.corus.android.DaggerCorusApplication_HiltComponents_SingletonC$ActivityCImpl:
    public dagger.hilt.android.internal.builders.FragmentComponentBuilder fragmentComponentBuilder()
    public dagger.hilt.android.internal.builders.ViewComponentBuilder viewComponentBuilder()
fm.corus.android.DaggerCorusApplication_HiltComponents_SingletonC$FragmentCBuilder
fm.corus.android.DaggerCorusApplication_HiltComponents_SingletonC$FragmentCImpl
fm.corus.android.DaggerCorusApplication_HiltComponents_SingletonC$ServiceCBuilder
fm.corus.android.DaggerCorusApplication_HiltComponents_SingletonC$ServiceCImpl
fm.corus.android.DaggerCorusApplication_HiltComponents_SingletonC$SingletonCImpl:
    public java.util.Set getDisableFragmentGetContextFix()
    public dagger.hilt.android.internal.builders.ServiceComponentBuilder serviceComponentBuilder()
fm.corus.android.DaggerCorusApplication_HiltComponents_SingletonC$ViewCBuilder
fm.corus.android.DaggerCorusApplication_HiltComponents_SingletonC$ViewCImpl
fm.corus.android.DaggerCorusApplication_HiltComponents_SingletonC$ViewWithFragmentCBuilder
fm.corus.android.DaggerCorusApplication_HiltComponents_SingletonC$ViewWithFragmentCImpl
fm.corus.android.DaggerCorusApplication_HiltComponents_SingletonC:
    private void <init>()
fm.corus.android.Hilt_CorusApplication:
    public synthetic bridge dagger.hilt.internal.GeneratedComponentManager componentManager()
fm.corus.android.Hilt_MainActivity:
    void <init>(int)
    public synthetic bridge dagger.hilt.internal.GeneratedComponentManager componentManager()
fm.corus.android.R$drawable:
    public static int corus_club
    public static int discord_logo
    public static int frame_empty
    public static int record_paint_brush
    public static int vinyl_red_featured
    public static int vinyl_white_featured
    public static int x_logo
    private void <init>()
fm.corus.android.R$font:
    private void <init>()
fm.corus.android.R$mipmap
fm.corus.android.R$string:
    public static int app_name
    public static int club_name
    public static int com_google_firebase_crashlytics_mapping_file_id
    public static int gcm_defaultSenderId
    public static int google_api_key
    public static int google_app_id
    public static int google_crash_reporting_api_key
    public static int google_storage_bucket
    public static int post_noun
    public static int post_noun_plural
    public static int project_id
    private void <init>()
fm.corus.android.R$style
fm.corus.android.R$xml
fm.corus.android.R
...
com.google.crypto.tink.jwt.JsonUtil
com.google.crypto.tink.jwt.JwkSetConverter$1
com.google.crypto.tink.jwt.JwkSetConverter
com.google.crypto.tink.jwt.JwtEcdsaSignKeyManager$1
com.google.crypto.tink.jwt.JwtEcdsaSignKeyManager$JwtPublicKeySignFactory$1
com.google.crypto.tink.jwt.JwtEcdsaSignKeyManager$JwtPublicKeySignFactory
com.google.crypto.tink.jwt.JwtEcdsaSignKeyManager
com.google.crypto.tink.jwt.JwtEcdsaVerifyKeyManager$1
com.google.crypto.tink.jwt.JwtEcdsaVerifyKeyManager$JwtPublicKeyVerifyFactory$1
com.google.crypto.tink.jwt.JwtEcdsaVerifyKeyManager$JwtPublicKeyVerifyFactory
com.google.crypto.tink.jwt.JwtEcdsaVerifyKeyManager
com.google.crypto.tink.jwt.JwtFormat$Parts
com.google.crypto.tink.jwt.JwtFormat
com.google.crypto.tink.jwt.JwtHmacKeyManager$1
com.google.crypto.tink.jwt.JwtHmacKeyManager$2
com.google.crypto.tink.jwt.JwtHmacKeyManager$3
com.google.crypto.tink.jwt.JwtHmacKeyManager$JwtHmac
com.google.crypto.tink.jwt.JwtHmacKeyManager
com.google.crypto.tink.jwt.JwtInvalidException
com.google.crypto.tink.jwt.JwtMac
com.google.crypto.tink.jwt.JwtMacConfig
com.google.crypto.tink.jwt.JwtMacInternal
com.google.crypto.tink.jwt.JwtMacWrapper$1
com.google.crypto.tink.jwt.JwtMacWrapper$WrappedJwtMac
com.google.crypto.tink.jwt.JwtMacWrapper
com.google.crypto.tink.jwt.JwtNames
com.google.crypto.tink.jwt.JwtPublicKeySign
com.google.crypto.tink.jwt.JwtPublicKeySignInternal
com.google.crypto.tink.jwt.JwtPublicKeySignWrapper$WrappedJwtPublicKeySign
com.google.crypto.tink.jwt.JwtPublicKeySignWrapper
com.google.crypto.tink.jwt.JwtPublicKeyVerify
com.google.crypto.tink.jwt.JwtPublicKeyVerifyInternal
com.google.crypto.tink.jwt.JwtPublicKeyVerifyWrapper$WrappedJwtPublicKeyVerify
com.google.crypto.tink.jwt.JwtPublicKeyVerifyWrapper
com.google.crypto.tink.jwt.JwtRsaSsaPkcs1SignKeyManager$1
com.google.crypto.tink.jwt.JwtRsaSsaPkcs1SignKeyManager$JwtPublicKeySignFactory$1
com.google.crypto.tink.jwt.JwtRsaSsaPkcs1SignKeyManager$JwtPublicKeySignFactory
com.google.crypto.tink.jwt.JwtRsaSsaPkcs1SignKeyManager
com.google.crypto.tink.jwt.JwtRsaSsaPkcs1VerifyKeyManager$1$1
com.google.crypto.tink.jwt.JwtRsaSsaPkcs1VerifyKeyManager$1
com.google.crypto.tink.jwt.JwtRsaSsaPkcs1VerifyKeyManager$2
com.google.crypto.tink.jwt.JwtRsaSsaPkcs1VerifyKeyManager
com.google.crypto.tink.jwt.JwtRsaSsaPssSignKeyManager$1
com.google.crypto.tink.jwt.JwtRsaSsaPssSignKeyManager$JwtPublicKeySignFactory$1
com.google.crypto.tink.jwt.JwtRsaSsaPssSignKeyManager$JwtPublicKeySignFactory
com.google.crypto.tink.jwt.JwtRsaSsaPssSignKeyManager
com.google.crypto.tink.jwt.JwtRsaSsaPssVerifyKeyManager$1$1
com.google.crypto.tink.jwt.JwtRsaSsaPssVerifyKeyManager$1
com.google.crypto.tink.jwt.JwtRsaSsaPssVerifyKeyManager$2
com.google.crypto.tink.jwt.JwtRsaSsaPssVerifyKeyManager
com.google.crypto.tink.jwt.JwtSignatureConfig
com.google.crypto.tink.jwt.JwtValidator$1
com.google.crypto.tink.jwt.JwtValidator$Builder
com.google.crypto.tink.jwt.JwtValidator
com.google.crypto.tink.jwt.RawJwt$1
com.google.crypto.tink.jwt.RawJwt$Builder
com.google.crypto.tink.jwt.RawJwt
com.google.crypto.tink.jwt.VerifiedJwt
com.google.crypto.tink.mac.AesCmacKey$1
com.google.crypto.tink.mac.AesCmacKey$Builder
com.google.crypto.tink.mac.AesCmacKey
com.google.crypto.tink.mac.AesCmacKeyManager$1
com.google.crypto.tink.mac.AesCmacKeyManager$2
com.google.crypto.tink.mac.AesCmacKeyManager
com.google.crypto.tink.mac.AesCmacParameters$1
com.google.crypto.tink.mac.AesCmacParameters$Builder
com.google.crypto.tink.mac.AesCmacParameters$Variant
com.google.crypto.tink.mac.AesCmacParameters
com.google.crypto.tink.mac.AesCmacProtoSerialization$1
com.google.crypto.tink.mac.AesCmacProtoSerialization
com.google.crypto.tink.mac.ChunkedMac
com.google.crypto.tink.mac.ChunkedMacComputation
com.google.crypto.tink.mac.ChunkedMacVerification
com.google.crypto.tink.mac.ChunkedMacWrapper$1
com.google.crypto.tink.mac.ChunkedMacWrapper$WrappedChunkedMac
com.google.crypto.tink.mac.ChunkedMacWrapper$WrappedChunkedMacVerification